# JRE version: OpenJDK Runtime Environment Temurin-21.0.6+7 (21.0.6+7) (build 21.0.6+7-LTS)
# Java VM: OpenJDK 64-Bit Server VM Temurin-21.0.6+7 (21.0.6+7-LTS, mixed mode, emulated-client, sharing, tiered, compressed oops, compressed class ptrs, g1 gc, windows-amd64)
GC Precious Log:
 CardTable entry size: 512
 Card Set container configuration: InlinePtr #cards 4 size 8 Array Of Cards #cards 16 size 48 Howl #buckets 8 coarsen threshold 3686 Howl Bitmap #cards 512 size 80 coarsen threshold 460 Card regions per heap region 1 cards per card region 4096
 CPUs: 8 total, 8 available
 Memory: 16194M
 Large Page Support: Disabled
 NUMA Support: Disabled
 Compressed Oops: Enabled (Zero based)
 Heap Region Size: 2M
 Heap Min Capacity: 8M
 Heap Initial Capacity: 254M
 Heap Max Capacity: 4050M
 Pre-touch: Disabled
 Parallel Workers: 8
 Concurrent Workers: 2
 Concurrent Refinement Workers: 8
 Periodic GC: Disabled
Heap:
 garbage-first heap   total 81920K, used 69959K [0x0000000702e00000, 0x0000000800000000)
  region size 2048K, 24 young (49152K), 2 survivors (4096K)
 Metaspace       used 60051K, committed 60736K, reserved 1114112K
  class space    used 8228K, committed 8512K, reserved 1048576K
GC Heap History (20 events):
Event: 1.586 GC heap after
{Heap after GC invocations=6 (full 0):
 garbage-first heap   total 55296K, used 13091K [0x0000000702e00000, 0x0000000800000000)
  region size 2048K, 2 young (4096K), 2 survivors (4096K)
 Metaspace       used 21965K, committed 22400K, reserved 1114112K
  class space    used 2796K, committed 3008K, reserved 1048576K
}
Event: 1.830 GC heap before
{Heap before GC invocations=6 (full 0):
 garbage-first heap   total 55296K, used 41763K [0x0000000702e00000, 0x0000000800000000)
  region size 2048K, 16 young (32768K), 2 survivors (4096K)
 Metaspace       used 23158K, committed 23616K, reserved 1114112K
  class space    used 2979K, committed 3200K, reserved 1048576K
}
Event: 1.833 GC heap after
{Heap after GC invocations=7 (full 0):
 garbage-first heap   total 157696K, used 14693K [0x0000000702e00000, 0x0000000800000000)
  region size 2048K, 2 young (4096K), 2 survivors (4096K)
 Metaspace       used 23158K, committed 23616K, reserved 1114112K
  class space    used 2979K, committed 3200K, reserved 1048576K
}
Event: 2.389 GC heap before
{Heap before GC invocations=7 (full 0):
 garbage-first heap   total 157696K, used 84325K [0x0000000702e00000, 0x0000000800000000)
  region size 2048K, 38 young (77824K), 2 survivors (4096K)
 Metaspace       used 28574K, committed 29056K, reserved 1114112K
  class space    used 3769K, committed 4032K, reserved 1048576K
}
Event: 2.394 GC heap after
{Heap after GC invocations=8 (full 0):
 garbage-first heap   total 157696K, used 16976K [0x0000000702e00000, 0x0000000800000000)
  region size 2048K, 3 young (6144K), 3 survivors (6144K)
 Metaspace       used 28574K, committed 29056K, reserved 1114112K
  class space    used 3769K, committed 4032K, reserved 1048576K
}
Event: 2.620 GC heap before
{Heap before GC invocations=9 (full 0):
 garbage-first heap   total 61440K, used 47696K [0x0000000702e00000, 0x0000000800000000)
  region size 2048K, 18 young (36864K), 3 survivors (6144K)
 Metaspace       used 30854K, committed 31424K, reserved 1114112K
  class space    used 4073K, committed 4352K, reserved 1048576K
}
Event: 2.625 GC heap after
{Heap after GC invocations=10 (full 0):
 garbage-first heap   total 61440K, used 18739K [0x0000000702e00000, 0x0000000800000000)
  region size 2048K, 3 young (6144K), 3 survivors (6144K)
 Metaspace       used 30854K, committed 31424K, reserved 1114112K
  class space    used 4073K, committed 4352K, reserved 1048576K
}
Event: 2.803 GC heap before
{Heap before GC invocations=10 (full 0):
 garbage-first heap   total 61440K, used 47411K [0x0000000702e00000, 0x0000000800000000)
  region size 2048K, 17 young (34816K), 3 survivors (6144K)
 Metaspace       used 33244K, committed 33856K, reserved 1114112K
  class space    used 4400K, committed 4672K, reserved 1048576K
}
Event: 2.807 GC heap after
{Heap after GC invocations=11 (full 0):
 garbage-first heap   total 61440K, used 19574K [0x0000000702e00000, 0x0000000800000000)
  region size 2048K, 2 young (4096K), 2 survivors (4096K)
 Metaspace       used 33244K, committed 33856K, reserved 1114112K
  class space    used 4400K, committed 4672K, reserved 1048576K
}
Event: 2.979 GC heap before
{Heap before GC invocations=11 (full 0):
 garbage-first heap   total 61440K, used 50294K [0x0000000702e00000, 0x0000000800000000)
  region size 2048K, 17 young (34816K), 2 survivors (4096K)
 Metaspace       used 36153K, committed 36800K, reserved 1114112K
  class space    used 4844K, committed 5120K, reserved 1048576K
}
Event: 2.982 GC heap after
{Heap after GC invocations=12 (full 0):
 garbage-first heap   total 161792K, used 19967K [0x0000000702e00000, 0x0000000800000000)
  region size 2048K, 2 young (4096K), 2 survivors (4096K)
 Metaspace       used 36153K, committed 36800K, reserved 1114112K
  class space    used 4844K, committed 5120K, reserved 1048576K
}
Event: 3.653 GC heap before
{Heap before GC invocations=12 (full 0):
 garbage-first heap   total 161792K, used 112127K [0x0000000702e00000, 0x0000000800000000)
  region size 2048K, 47 young (96256K), 2 survivors (4096K)
 Metaspace       used 47670K, committed 48320K, reserved 1114112K
  class space    used 6384K, committed 6656K, reserved 1048576K
}
Event: 3.657 GC heap after
{Heap after GC invocations=13 (full 0):
 garbage-first heap   total 161792K, used 22621K [0x0000000702e00000, 0x0000000800000000)
  region size 2048K, 3 young (6144K), 3 survivors (6144K)
 Metaspace       used 47670K, committed 48320K, reserved 1114112K
  class space    used 6384K, committed 6656K, reserved 1048576K
}
Event: 3.681 GC heap before
{Heap before GC invocations=13 (full 0):
 garbage-first heap   total 161792K, used 26717K [0x0000000702e00000, 0x0000000800000000)
  region size 2048K, 6 young (12288K), 3 survivors (6144K)
 Metaspace       used 48018K, committed 48576K, reserved 1114112K
  class space    used 6423K, committed 6656K, reserved 1048576K
}
Event: 3.684 GC heap after
{Heap after GC invocations=14 (full 0):
 garbage-first heap   total 161792K, used 22979K [0x0000000702e00000, 0x0000000800000000)
  region size 2048K, 3 young (6144K), 3 survivors (6144K)
 Metaspace       used 48018K, committed 48576K, reserved 1114112K
  class space    used 6423K, committed 6656K, reserved 1048576K
}
Event: 3.927 GC heap before
{Heap before GC invocations=15 (full 0):
 garbage-first heap   total 81920K, used 63939K [0x0000000702e00000, 0x0000000800000000)
  region size 2048K, 24 young (49152K), 3 survivors (6144K)
 Metaspace       used 51668K, committed 52288K, reserved 1114112K
  class space    used 6910K, committed 7168K, reserved 1048576K
}
Event: 3.931 GC heap after
{Heap after GC invocations=16 (full 0):
 garbage-first heap   total 81920K, used 24544K [0x0000000702e00000, 0x0000000800000000)
  region size 2048K, 3 young (6144K), 3 survivors (6144K)
 Metaspace       used 51668K, committed 52288K, reserved 1114112K
  class space    used 6910K, committed 7168K, reserved 1048576K
}
Event: 4.212 GC heap before
{Heap before GC invocations=16 (full 0):
 garbage-first heap   total 81920K, used 67552K [0x0000000702e00000, 0x0000000800000000)
  region size 2048K, 24 young (49152K), 3 survivors (6144K)
 Metaspace       used 56649K, committed 57280K, reserved 1114112K
  class space    used 7742K, committed 8000K, reserved 1048576K
}
Event: 4.216 GC heap after
{Heap after GC invocations=17 (full 0):
 garbage-first heap   total 81920K, used 24903K [0x0000000702e00000, 0x0000000800000000)
  region size 2048K, 2 young (4096K), 2 survivors (4096K)
 Metaspace       used 56649K, committed 57280K, reserved 1114112K
  class space    used 7742K, committed 8000K, reserved 1048576K
}
Event: 328.716 GC heap before
{Heap before GC invocations=17 (full 0):
 garbage-first heap   total 81920K, used 69959K [0x0000000702e00000, 0x0000000800000000)
  region size 2048K, 24 young (49152K), 2 survivors (4096K)
 Metaspace       used 60051K, committed 60736K, reserved 1114112K
  class space    used 8228K, committed 8512K, reserved 1048576K
}

